Using pre-set license

 COMMAND LINE ARGUMENTS:
/Applications/Unity/Hub/Editor/2020.2.4f1/Unity.app/Contents/MacOS/Unity
-adb2
-batchMode
-noUpm
-name
AssetImportWorker0
-projectPath
/Users/zhiqiand/Documents/GitHub/Pilots
-logFile
Logs/AssetImportWorker0.log
-srvPort
63756
Successfully changed project path to: /Users/zhiqiand/Documents/GitHub/Pilots
/Users/zhiqiand/Documents/GitHub/Pilots
Using Asset Import Pipeline V2.
Refreshing native plugins compatible for Editor in 49.46 ms, found 2 plugins.
Preloading 0 native plugins for Editor in 0.00 ms.
Initialize engine version: 2020.2.4f1 (becced5a802b)
[Subsystems] Discovering subsystems at path /Applications/Unity/Hub/Editor/2020.2.4f1/Unity.app/Contents/Resources/UnitySubsystems
[Subsystems] Discovering subsystems at path /Users/zhiqiand/Documents/GitHub/Pilots/Assets
GfxDevice: creating device client; threaded=0
2021-04-22 05:00:03.955 Unity[18410:5324381] Color LCD preferred device: Intel(R) Iris(TM) Plus Graphics 645 (low power)
2021-04-22 05:00:03.955 Unity[18410:5324381] Metal devices available: 1
2021-04-22 05:00:03.955 Unity[18410:5324381] 0: Intel(R) Iris(TM) Plus Graphics 645 (low power)
2021-04-22 05:00:03.956 Unity[18410:5324381] Using device Intel(R) Iris(TM) Plus Graphics 645 (low power)
Initializing Metal device caps: Intel(R) Iris(TM) Plus Graphics 645
Initialize mono
Mono path[0] = '/Applications/Unity/Hub/Editor/2020.2.4f1/Unity.app/Contents/Managed'
Mono path[1] = '/Applications/Unity/Hub/Editor/2020.2.4f1/Unity.app/Contents/MonoBleedingEdge/lib/mono/unityjit'
Mono config path = '/Applications/Unity/Hub/Editor/2020.2.4f1/Unity.app/Contents/MonoBleedingEdge/etc'
Using monoOptions --debugger-agent=transport=dt_socket,embedding=1,server=y,suspend=n,address=127.0.0.1:56410
Begin MonoManager ReloadAssembly
Registering precompiled unity dll's ...
Register platform support module: /Applications/Unity/Hub/Editor/2020.2.4f1/PlaybackEngines/WebGLSupport/UnityEditor.WebGL.Extensions.dll
Register platform support module: /Applications/Unity/Hub/Editor/2020.2.4f1/Unity.app/Contents/PlaybackEngines/MacStandaloneSupport/UnityEditor.OSXStandalone.Extensions.dll
Registered in 0.000488 seconds.
Native extension for OSXStandalone target not found
Native extension for WebGL target not found
Refreshing native plugins compatible for Editor in 44.83 ms, found 2 plugins.
Preloading 0 native plugins for Editor in 0.00 ms.
Invoked RoslynAnalysisRunner static constructor.
RoslynAnalysisRunner will not be running.
RoslynAnalysisRunner has terminated.
Mono: successfully reloaded assembly
- Completed reload, in  1.749 seconds
Platform modules already initialized, skipping
Registering precompiled user dll's ...
Registered in 0.000953 seconds.
Begin MonoManager ReloadAssembly
Native extension for OSXStandalone target not found
Native extension for WebGL target not found
Refreshing native plugins compatible for Editor in 46.51 ms, found 2 plugins.
Preloading 0 native plugins for Editor in 0.00 ms.
Invoked RoslynAnalysisRunner static constructor.
RoslynAnalysisRunner will not be running.
RoslynAnalysisRunner has terminated.
Mono: successfully reloaded assembly
- Completed reload, in  1.145 seconds
Platform modules already initialized, skipping
========================================================================
Worker process is ready to serve import requests
Launching external process: /Applications/Unity/Hub/Editor/2020.2.4f1/Unity.app/Contents/Tools/UnityShaderCompiler
Launched and connected shader compiler UnityShaderCompiler after 0.02 seconds
Refreshing native plugins compatible for Editor in 0.52 ms, found 2 plugins.
Preloading 0 native plugins for Editor in 0.00 ms.
Unloading 2008 Unused Serialized files (Serialized files now loaded: 0)
System memory in use before: 154.4 MB.
System memory in use after: 154.5 MB.

Unloading 24 unused Assets to reduce memory usage. Loaded Objects now: 2459.
Total: 2.469560 ms (FindLiveObjects: 0.258095 ms CreateObjectMapping: 0.118254 ms MarkObjects: 2.013569 ms  DeleteObjects: 0.078419 ms)

========================================================================
Received Import Request.
  path: Assets/2DSpaceshipsFreeTrial/Textures/2DSpaceshipsFreeTrialSideView/2DSpaceshipsFreeTrialAtlasSideViewYellow.png
  artifactKey: Guid(24d9a524c35fc574ea9bdd5836be365e) Importer(815301076,1909f56bfc062723c751e8b465ee728b)
Start importing Assets/2DSpaceshipsFreeTrial/Textures/2DSpaceshipsFreeTrialSideView/2DSpaceshipsFreeTrialAtlasSideViewYellow.png using Guid(24d9a524c35fc574ea9bdd5836be365e) Importer(815301076,1909f56bfc062723c751e8b465ee728b)  -> (artifact id: 'a48609b37274e3f2ab35521f7cfb36ca') in 0.273810 seconds
  Import took 0.277737 seconds .

========================================================================
Received Import Request.
  Time since last request: 0.000257 seconds.
  path: Assets/2DSpaceshipsFreeTrial/Textures/2DSpaceshipsFreeTrialSideView/2DSpaceshipsFreeTrialAtlasSideViewRed2.png
  artifactKey: Guid(b3f1aef19743f8445aa4f664e87ad84f) Importer(815301076,1909f56bfc062723c751e8b465ee728b)
Start importing Assets/2DSpaceshipsFreeTrial/Textures/2DSpaceshipsFreeTrialSideView/2DSpaceshipsFreeTrialAtlasSideViewRed2.png using Guid(b3f1aef19743f8445aa4f664e87ad84f) Importer(815301076,1909f56bfc062723c751e8b465ee728b)  -> (artifact id: 'f15a5ddc46f538b7408498e1f95918b8') in 0.025225 seconds
  Import took 0.028633 seconds .

========================================================================
Received Import Request.
  Time since last request: 0.000274 seconds.
  path: Assets/2DSpaceshipsFreeTrial/Textures/2DSpaceshipsFreeTrialSideView/2DSpaceshipsFreeTrialAtlasSideViewBlue2.png
  artifactKey: Guid(d0a34105e4889f749b0b25e03b9bca86) Importer(815301076,1909f56bfc062723c751e8b465ee728b)
Start importing Assets/2DSpaceshipsFreeTrial/Textures/2DSpaceshipsFreeTrialSideView/2DSpaceshipsFreeTrialAtlasSideViewBlue2.png using Guid(d0a34105e4889f749b0b25e03b9bca86) Importer(815301076,1909f56bfc062723c751e8b465ee728b)  -> (artifact id: '75ba2a37c28b47d7ac2a378cc4e6093a') in 0.025213 seconds
  Import took 0.030001 seconds .

========================================================================
Received Import Request.
  Time since last request: 0.000210 seconds.
  path: Assets/2DSpaceshipsFreeTrial/Textures/2DShipMissilesTorpedoes/2DShipsMissilesTorpedoesAtlas.png
  artifactKey: Guid(da841e0ed6399bd4695ebcfa661935f8) Importer(815301076,1909f56bfc062723c751e8b465ee728b)
Start importing Assets/2DSpaceshipsFreeTrial/Textures/2DShipMissilesTorpedoes/2DShipsMissilesTorpedoesAtlas.png using Guid(da841e0ed6399bd4695ebcfa661935f8) Importer(815301076,1909f56bfc062723c751e8b465ee728b)  -> (artifact id: '33894f1c7ff599780ce2e6176f061174') in 0.025630 seconds
  Import took 0.030010 seconds .

========================================================================
Received Import Request.
  Time since last request: 0.000208 seconds.
  path: Assets/2DSpaceshipsFreeTrial/Textures/2DSpaceshipsFreeTrialSideView/2DSpaceshipsFreeTrialAtlasSideViewBlack.png
  artifactKey: Guid(b9c9b3ee7e1cd8c40b152ba6485ba796) Importer(815301076,1909f56bfc062723c751e8b465ee728b)
Start importing Assets/2DSpaceshipsFreeTrial/Textures/2DSpaceshipsFreeTrialSideView/2DSpaceshipsFreeTrialAtlasSideViewBlack.png using Guid(b9c9b3ee7e1cd8c40b152ba6485ba796) Importer(815301076,1909f56bfc062723c751e8b465ee728b)  -> (artifact id: '81729c3db510a4c72890910fca5090cc') in 0.028609 seconds
  Import took 0.033033 seconds .

========================================================================
Received Import Request.
  Time since last request: 0.000228 seconds.
  path: Assets/2DSpaceshipsFreeTrial/Textures/2DSpaceshipsFreeTrialSideView/2DSpaceshipsFreeTrialAtlasSideViewWhite2.png
  artifactKey: Guid(64d530a33ddd8684a9c8058ffef3ef4b) Importer(815301076,1909f56bfc062723c751e8b465ee728b)
Start importing Assets/2DSpaceshipsFreeTrial/Textures/2DSpaceshipsFreeTrialSideView/2DSpaceshipsFreeTrialAtlasSideViewWhite2.png using Guid(64d530a33ddd8684a9c8058ffef3ef4b) Importer(815301076,1909f56bfc062723c751e8b465ee728b)  -> (artifact id: '84b884c5be3220bca4c8a23766391d0f') in 0.024986 seconds
  Import took 0.028658 seconds .

========================================================================
Received Import Request.
  Time since last request: 0.000249 seconds.
  path: Assets/2DSpaceshipsFreeTrial/Textures/2DSpaceshipsFreeTrialTopView/2DSpaceshipsFreeTrialAtlasTopViewBlue.png
  artifactKey: Guid(c4d8ed7c5adcd0e489c81b34c69fa753) Importer(815301076,1909f56bfc062723c751e8b465ee728b)
Start importing Assets/2DSpaceshipsFreeTrial/Textures/2DSpaceshipsFreeTrialTopView/2DSpaceshipsFreeTrialAtlasTopViewBlue.png using Guid(c4d8ed7c5adcd0e489c81b34c69fa753) Importer(815301076,1909f56bfc062723c751e8b465ee728b)  -> (artifact id: '96710a6e6cf3ff61ab51894bbd2b466e') in 0.026705 seconds
  Import took 0.030177 seconds .

========================================================================
Received Import Request.
  Time since last request: 0.000331 seconds.
  path: Assets/2DSpaceshipsFreeTrial/Textures/2DSpaceshipsFreeTrialSideView/2DSpaceshipsFreeTrialAtlasSideViewBlue.png
  artifactKey: Guid(b80c32b793ae31046bc85865350fe2b2) Importer(815301076,1909f56bfc062723c751e8b465ee728b)
Start importing Assets/2DSpaceshipsFreeTrial/Textures/2DSpaceshipsFreeTrialSideView/2DSpaceshipsFreeTrialAtlasSideViewBlue.png using Guid(b80c32b793ae31046bc85865350fe2b2) Importer(815301076,1909f56bfc062723c751e8b465ee728b)  -> (artifact id: '84b1029ed61f0ab5213177a7ccb6cad1') in 0.023723 seconds
  Import took 0.027859 seconds .

========================================================================
Received Import Request.
  Time since last request: 0.000305 seconds.
  path: Assets/2DSpaceshipsFreeTrial/Textures/2DShipsStandardWeapons/2DShipsStandardWeaponsAtlas.png
  artifactKey: Guid(ea47199b715e6c047909c1486562c340) Importer(815301076,1909f56bfc062723c751e8b465ee728b)
Start importing Assets/2DSpaceshipsFreeTrial/Textures/2DShipsStandardWeapons/2DShipsStandardWeaponsAtlas.png using Guid(ea47199b715e6c047909c1486562c340) Importer(815301076,1909f56bfc062723c751e8b465ee728b)  -> (artifact id: 'be0c72a3f6fc5fd1fa764579bb1d0fbe') in 0.068456 seconds
  Import took 0.072499 seconds .

========================================================================
Received Import Request.
  Time since last request: 0.000257 seconds.
  path: Assets/2DSpaceshipsFreeTrial/Textures/2DSpaceshipsFreeTrialSideView/2DSpaceshipsFreeTrialAtlasSideViewGreen2.png
  artifactKey: Guid(95813e2465cb02448b2d72249b99452b) Importer(815301076,1909f56bfc062723c751e8b465ee728b)
Start importing Assets/2DSpaceshipsFreeTrial/Textures/2DSpaceshipsFreeTrialSideView/2DSpaceshipsFreeTrialAtlasSideViewGreen2.png using Guid(95813e2465cb02448b2d72249b99452b) Importer(815301076,1909f56bfc062723c751e8b465ee728b)  -> (artifact id: '60b30284d1bc6fbd57dff15db8418678') in 0.030395 seconds
  Import took 0.034230 seconds .

========================================================================
Received Import Request.
  Time since last request: 0.000196 seconds.
  path: Assets/2DSpaceshipsFreeTrial/Textures/2DSpaceshipsFreeTrialTopView/2DSpaceshipsFreeTrialAtlasTopViewBlack.png
  artifactKey: Guid(c91ca482c2d65c04bbd61802e93740bc) Importer(815301076,1909f56bfc062723c751e8b465ee728b)
Start importing Assets/2DSpaceshipsFreeTrial/Textures/2DSpaceshipsFreeTrialTopView/2DSpaceshipsFreeTrialAtlasTopViewBlack.png using Guid(c91ca482c2d65c04bbd61802e93740bc) Importer(815301076,1909f56bfc062723c751e8b465ee728b)  -> (artifact id: '84ea2fb17840a8299b5114e60ea51299') in 0.029110 seconds
  Import took 0.033127 seconds .

========================================================================
Received Import Request.
  Time since last request: 0.000249 seconds.
  path: Assets/2DSpaceshipsFreeTrial/Textures/2DSpaceshipsFreeTrialTopView/2DSpaceshipsFreeTrialAtlasTopViewGreen.png
  artifactKey: Guid(3e47ec619440c7441a65da8dfbb269f3) Importer(815301076,1909f56bfc062723c751e8b465ee728b)
Start importing Assets/2DSpaceshipsFreeTrial/Textures/2DSpaceshipsFreeTrialTopView/2DSpaceshipsFreeTrialAtlasTopViewGreen.png using Guid(3e47ec619440c7441a65da8dfbb269f3) Importer(815301076,1909f56bfc062723c751e8b465ee728b)  -> (artifact id: 'a694f13302d1a6cbdf75f48e195c3213') in 0.030802 seconds
  Import took 0.034853 seconds .

========================================================================
Received Import Request.
  Time since last request: 0.000260 seconds.
  path: Assets/2DSpaceshipsFreeTrial/Textures/2DSpaceshipsFreeTrialSideView/2DSpaceshipsFreeTrialAtlasSideViewBlack2.png
  artifactKey: Guid(893b76d9a1d96ac4cbce9c7a9cdd51f8) Importer(815301076,1909f56bfc062723c751e8b465ee728b)
Start importing Assets/2DSpaceshipsFreeTrial/Textures/2DSpaceshipsFreeTrialSideView/2DSpaceshipsFreeTrialAtlasSideViewBlack2.png using Guid(893b76d9a1d96ac4cbce9c7a9cdd51f8) Importer(815301076,1909f56bfc062723c751e8b465ee728b)  -> (artifact id: 'eb09e16bae419903d5b88961040a2893') in 0.027565 seconds
  Import took 0.031099 seconds .

========================================================================
Received Import Request.
  Time since last request: 0.000209 seconds.
  path: Assets/2DSpaceshipsFreeTrial/Textures/2DSpaceshipsFreeTrialSideView/2DSpaceshipsFreeTrialAtlasSideViewGrey.png
  artifactKey: Guid(0d8a1b8cd7445b445bff5a661529f046) Importer(815301076,1909f56bfc062723c751e8b465ee728b)
Start importing Assets/2DSpaceshipsFreeTrial/Textures/2DSpaceshipsFreeTrialSideView/2DSpaceshipsFreeTrialAtlasSideViewGrey.png using Guid(0d8a1b8cd7445b445bff5a661529f046) Importer(815301076,1909f56bfc062723c751e8b465ee728b)  -> (artifact id: 'ab1af1726e785090ea4b6265911e7044') in 0.025641 seconds
  Import took 0.029053 seconds .

========================================================================
Received Import Request.
  Time since last request: 0.000192 seconds.
  path: Assets/2DSpaceshipsFreeTrial/Textures/2DSpaceshipsFreeTrialSideView/2DSpaceshipsFreeTrialAtlasSideViewYellow2.png
  artifactKey: Guid(239b20a14b3900945a7625128004580d) Importer(815301076,1909f56bfc062723c751e8b465ee728b)
Start importing Assets/2DSpaceshipsFreeTrial/Textures/2DSpaceshipsFreeTrialSideView/2DSpaceshipsFreeTrialAtlasSideViewYellow2.png using Guid(239b20a14b3900945a7625128004580d) Importer(815301076,1909f56bfc062723c751e8b465ee728b)  -> (artifact id: 'eae1e08ef4478c676aae5b10fc83027e') in 0.022567 seconds
  Import took 0.027089 seconds .

========================================================================
Received Import Request.
  Time since last request: 0.000251 seconds.
  path: Assets/2DSpaceshipsFreeTrial/Textures/2DSpaceshipsFreeTrialSideView/2DSpaceshipsFreeTrialAtlasSideViewGreen.png
  artifactKey: Guid(26a2179056f52e84197710b10f17ea78) Importer(815301076,1909f56bfc062723c751e8b465ee728b)
Start importing Assets/2DSpaceshipsFreeTrial/Textures/2DSpaceshipsFreeTrialSideView/2DSpaceshipsFreeTrialAtlasSideViewGreen.png using Guid(26a2179056f52e84197710b10f17ea78) Importer(815301076,1909f56bfc062723c751e8b465ee728b)  -> (artifact id: '1504485d1bff656675eb64dc85681830') in 0.030943 seconds
  Import took 0.035600 seconds .

========================================================================
Received Import Request.
  Time since last request: 0.000207 seconds.
  path: Assets/2DSpaceshipsFreeTrial/Textures/2DSpaceshipsFreeTrialSideView/2DSpaceshipsFreeTrialAtlasSideViewRed.png
  artifactKey: Guid(359cb9785aad53b43a2d8ffe8a86d053) Importer(815301076,1909f56bfc062723c751e8b465ee728b)
Start importing Assets/2DSpaceshipsFreeTrial/Textures/2DSpaceshipsFreeTrialSideView/2DSpaceshipsFreeTrialAtlasSideViewRed.png using Guid(359cb9785aad53b43a2d8ffe8a86d053) Importer(815301076,1909f56bfc062723c751e8b465ee728b)  -> (artifact id: '992386b0b8e0581a71e27e16e8775efb') in 0.033092 seconds
  Import took 0.037005 seconds .

========================================================================
Received Import Request.
  Time since last request: 0.000271 seconds.
  path: Assets/2DSpaceshipsFreeTrial/Textures/2DSpaceshipsFreeTrialSideView/2DSpaceshipsFreeTrialAtlasSideViewGrey2.png
  artifactKey: Guid(66509e624c6694849b0608e7b49cd946) Importer(815301076,1909f56bfc062723c751e8b465ee728b)
Start importing Assets/2DSpaceshipsFreeTrial/Textures/2DSpaceshipsFreeTrialSideView/2DSpaceshipsFreeTrialAtlasSideViewGrey2.png using Guid(66509e624c6694849b0608e7b49cd946) Importer(815301076,1909f56bfc062723c751e8b465ee728b)  -> (artifact id: '257e8f82f48776b7719aa1ad14ac3305') in 0.027013 seconds
  Import took 0.031432 seconds .

========================================================================
Received Import Request.
  Time since last request: 0.000215 seconds.
  path: Assets/2DSpaceshipsFreeTrial/Textures/2DSpaceshipsFreeTrialSideView/2DSpaceshipsFreeTrialAtlasSideViewWhite.png
  artifactKey: Guid(308eb6c6c86e90a449a13570255dc56d) Importer(815301076,1909f56bfc062723c751e8b465ee728b)
Start importing Assets/2DSpaceshipsFreeTrial/Textures/2DSpaceshipsFreeTrialSideView/2DSpaceshipsFreeTrialAtlasSideViewWhite.png using Guid(308eb6c6c86e90a449a13570255dc56d) Importer(815301076,1909f56bfc062723c751e8b465ee728b)  -> (artifact id: 'd84b0b5a30c47154f21092e0aabc504a') in 0.022019 seconds
  Import took 0.025587 seconds .

========================================================================
Received Prepare
Registering precompiled user dll's ...
Registered in 0.001033 seconds.
Begin MonoManager ReloadAssembly
Native extension for OSXStandalone target not found
Native extension for WebGL target not found
Refreshing native plugins compatible for Editor in 0.47 ms, found 2 plugins.
Preloading 0 native plugins for Editor in 0.00 ms.
Invoked RoslynAnalysisRunner static constructor.
RoslynAnalysisRunner will not be running.
RoslynAnalysisRunner has terminated.
Mono: successfully reloaded assembly
- Completed reload, in  1.020 seconds
Platform modules already initialized, skipping
Refreshing native plugins compatible for Editor in 0.52 ms, found 2 plugins.
Preloading 0 native plugins for Editor in 0.00 ms.
Unloading 1984 Unused Serialized files (Serialized files now loaded: 0)
System memory in use before: 161.1 MB.
System memory in use after: 161.2 MB.

Unloading 13 unused Assets to reduce memory usage. Loaded Objects now: 2512.
Total: 2.170770 ms (FindLiveObjects: 0.242560 ms CreateObjectMapping: 0.086237 ms MarkObjects: 1.820127 ms  DeleteObjects: 0.020058 ms)

========================================================================
Received Prepare
Registering precompiled user dll's ...
Registered in 0.001035 seconds.
Begin MonoManager ReloadAssembly
Native extension for OSXStandalone target not found
Native extension for WebGL target not found
Refreshing native plugins compatible for Editor in 0.46 ms, found 2 plugins.
Preloading 0 native plugins for Editor in 0.00 ms.
Invoked RoslynAnalysisRunner static constructor.
RoslynAnalysisRunner will not be running.
RoslynAnalysisRunner has terminated.
Mono: successfully reloaded assembly
- Completed reload, in  1.010 seconds
Platform modules already initialized, skipping
Refreshing native plugins compatible for Editor in 0.46 ms, found 2 plugins.
Preloading 0 native plugins for Editor in 0.00 ms.
Unloading 1984 Unused Serialized files (Serialized files now loaded: 0)
System memory in use before: 161.3 MB.
System memory in use after: 161.4 MB.

Unloading 13 unused Assets to reduce memory usage. Loaded Objects now: 2514.
Total: 2.782422 ms (FindLiveObjects: 0.286329 ms CreateObjectMapping: 0.095435 ms MarkObjects: 2.376704 ms  DeleteObjects: 0.021896 ms)

========================================================================
Received Prepare
Registering precompiled user dll's ...
Registered in 0.000980 seconds.
Begin MonoManager ReloadAssembly
Native extension for OSXStandalone target not found
Native extension for WebGL target not found
Refreshing native plugins compatible for Editor in 0.47 ms, found 2 plugins.
Preloading 0 native plugins for Editor in 0.00 ms.
Invoked RoslynAnalysisRunner static constructor.
RoslynAnalysisRunner will not be running.
RoslynAnalysisRunner has terminated.
Mono: successfully reloaded assembly
- Completed reload, in  1.015 seconds
Platform modules already initialized, skipping
Refreshing native plugins compatible for Editor in 0.48 ms, found 2 plugins.
Preloading 0 native plugins for Editor in 0.00 ms.
Unloading 1984 Unused Serialized files (Serialized files now loaded: 0)
System memory in use before: 161.5 MB.
System memory in use after: 161.6 MB.

Unloading 13 unused Assets to reduce memory usage. Loaded Objects now: 2516.
Total: 2.278478 ms (FindLiveObjects: 0.261445 ms CreateObjectMapping: 0.092572 ms MarkObjects: 1.902677 ms  DeleteObjects: 0.020579 ms)

========================================================================
Received Prepare
Registering precompiled user dll's ...
Registered in 0.000997 seconds.
Begin MonoManager ReloadAssembly
Native extension for OSXStandalone target not found
Native extension for WebGL target not found
Refreshing native plugins compatible for Editor in 0.52 ms, found 2 plugins.
Preloading 0 native plugins for Editor in 0.00 ms.
Invoked RoslynAnalysisRunner static constructor.
RoslynAnalysisRunner will not be running.
RoslynAnalysisRunner has terminated.
Mono: successfully reloaded assembly
- Completed reload, in  1.002 seconds
Platform modules already initialized, skipping
Refreshing native plugins compatible for Editor in 0.49 ms, found 2 plugins.
Preloading 0 native plugins for Editor in 0.00 ms.
Unloading 1984 Unused Serialized files (Serialized files now loaded: 0)
System memory in use before: 161.7 MB.
System memory in use after: 161.8 MB.

Unloading 13 unused Assets to reduce memory usage. Loaded Objects now: 2518.
Total: 2.561493 ms (FindLiveObjects: 0.335126 ms CreateObjectMapping: 0.110764 ms MarkObjects: 2.089545 ms  DeleteObjects: 0.024436 ms)

========================================================================
Received Prepare
Registering precompiled user dll's ...
Registered in 0.000943 seconds.
Begin MonoManager ReloadAssembly
Native extension for OSXStandalone target not found
Native extension for WebGL target not found
Refreshing native plugins compatible for Editor in 0.50 ms, found 2 plugins.
Preloading 0 native plugins for Editor in 0.00 ms.
Invoked RoslynAnalysisRunner static constructor.
RoslynAnalysisRunner will not be running.
RoslynAnalysisRunner has terminated.
Mono: successfully reloaded assembly
- Completed reload, in  1.030 seconds
Platform modules already initialized, skipping
Refreshing native plugins compatible for Editor in 0.38 ms, found 2 plugins.
Preloading 0 native plugins for Editor in 0.00 ms.
Unloading 1984 Unused Serialized files (Serialized files now loaded: 0)
System memory in use before: 161.9 MB.
System memory in use after: 162.0 MB.

Unloading 13 unused Assets to reduce memory usage. Loaded Objects now: 2520.
Total: 2.235438 ms (FindLiveObjects: 0.224609 ms CreateObjectMapping: 0.086779 ms MarkObjects: 1.901144 ms  DeleteObjects: 0.021641 ms)

========================================================================
Received Prepare
Registering precompiled user dll's ...
Registered in 0.000962 seconds.
Begin MonoManager ReloadAssembly
Native extension for OSXStandalone target not found
Native extension for WebGL target not found
Refreshing native plugins compatible for Editor in 0.44 ms, found 2 plugins.
Preloading 0 native plugins for Editor in 0.00 ms.
Invoked RoslynAnalysisRunner static constructor.
RoslynAnalysisRunner will not be running.
RoslynAnalysisRunner has terminated.
Mono: successfully reloaded assembly
- Completed reload, in  0.988 seconds
Platform modules already initialized, skipping
Refreshing native plugins compatible for Editor in 0.43 ms, found 2 plugins.
Preloading 0 native plugins for Editor in 0.00 ms.
Unloading 1984 Unused Serialized files (Serialized files now loaded: 0)
System memory in use before: 162.1 MB.
System memory in use after: 162.2 MB.

Unloading 13 unused Assets to reduce memory usage. Loaded Objects now: 2522.
Total: 2.387912 ms (FindLiveObjects: 0.320063 ms CreateObjectMapping: 0.068826 ms MarkObjects: 1.978261 ms  DeleteObjects: 0.019780 ms)

========================================================================
Received Prepare
Registering precompiled user dll's ...
Registered in 0.000969 seconds.
Begin MonoManager ReloadAssembly
Native extension for OSXStandalone target not found
Native extension for WebGL target not found
Refreshing native plugins compatible for Editor in 0.44 ms, found 2 plugins.
Preloading 0 native plugins for Editor in 0.00 ms.
Invoked RoslynAnalysisRunner static constructor.
RoslynAnalysisRunner will not be running.
RoslynAnalysisRunner has terminated.
Mono: successfully reloaded assembly
- Completed reload, in  0.977 seconds
Platform modules already initialized, skipping
Refreshing native plugins compatible for Editor in 0.49 ms, found 2 plugins.
Preloading 0 native plugins for Editor in 0.00 ms.
Unloading 1984 Unused Serialized files (Serialized files now loaded: 0)
System memory in use before: 162.3 MB.
System memory in use after: 162.4 MB.

Unloading 13 unused Assets to reduce memory usage. Loaded Objects now: 2524.
Total: 2.252597 ms (FindLiveObjects: 0.336496 ms CreateObjectMapping: 0.071736 ms MarkObjects: 1.823011 ms  DeleteObjects: 0.020175 ms)

========================================================================
Received Prepare
Registering precompiled user dll's ...
Registered in 0.000905 seconds.
Begin MonoManager ReloadAssembly
Native extension for OSXStandalone target not found
Native extension for WebGL target not found
Refreshing native plugins compatible for Editor in 0.49 ms, found 2 plugins.
Preloading 0 native plugins for Editor in 0.00 ms.
Invoked RoslynAnalysisRunner static constructor.
RoslynAnalysisRunner will not be running.
RoslynAnalysisRunner has terminated.
Mono: successfully reloaded assembly
- Completed reload, in  1.010 seconds
Platform modules already initialized, skipping
Refreshing native plugins compatible for Editor in 0.36 ms, found 2 plugins.
Preloading 0 native plugins for Editor in 0.00 ms.
Unloading 1984 Unused Serialized files (Serialized files now loaded: 0)
System memory in use before: 162.5 MB.
System memory in use after: 162.6 MB.

Unloading 13 unused Assets to reduce memory usage. Loaded Objects now: 2526.
Total: 2.010442 ms (FindLiveObjects: 0.242266 ms CreateObjectMapping: 0.090214 ms MarkObjects: 1.658658 ms  DeleteObjects: 0.018005 ms)

========================================================================
Received Prepare
Registering precompiled user dll's ...
Registered in 0.001178 seconds.
Begin MonoManager ReloadAssembly
Native extension for OSXStandalone target not found
Native extension for WebGL target not found
Refreshing native plugins compatible for Editor in 0.46 ms, found 2 plugins.
Preloading 0 native plugins for Editor in 0.00 ms.
Invoked RoslynAnalysisRunner static constructor.
RoslynAnalysisRunner will not be running.
RoslynAnalysisRunner has terminated.
Mono: successfully reloaded assembly
- Completed reload, in  1.009 seconds
Platform modules already initialized, skipping
Refreshing native plugins compatible for Editor in 0.49 ms, found 2 plugins.
Preloading 0 native plugins for Editor in 0.00 ms.
Unloading 1985 Unused Serialized files (Serialized files now loaded: 0)
System memory in use before: 162.8 MB.
System memory in use after: 162.9 MB.

Unloading 13 unused Assets to reduce memory usage. Loaded Objects now: 2529.
Total: 2.211051 ms (FindLiveObjects: 0.347260 ms CreateObjectMapping: 0.083080 ms MarkObjects: 1.758654 ms  DeleteObjects: 0.020908 ms)

========================================================================
Received Import Request.
  Time since last request: 826.072871 seconds.
  path: Assets/Scripts/MainMenu.cs
  artifactKey: Guid(38f1070e3b9644a1baadb4ce09cf106a) Importer(815301076,1909f56bfc062723c751e8b465ee728b)
Start importing Assets/Scripts/MainMenu.cs using Guid(38f1070e3b9644a1baadb4ce09cf106a) Importer(815301076,1909f56bfc062723c751e8b465ee728b)  -> (artifact id: '907562d88624db8049be8d5676131ada') in 0.140252 seconds
  Import took 0.144645 seconds .

========================================================================
Received Import Request.
  Time since last request: 0.008211 seconds.
  path: Assets/Scripts/MainMenu.cs
  artifactKey: Guid(38f1070e3b9644a1baadb4ce09cf106a) Importer(815301076,1909f56bfc062723c751e8b465ee728b)
Start importing Assets/Scripts/MainMenu.cs using Guid(38f1070e3b9644a1baadb4ce09cf106a) Importer(815301076,1909f56bfc062723c751e8b465ee728b)  -> (artifact id: '907562d88624db8049be8d5676131ada') in 0.000933 seconds
  Import took 0.004416 seconds .

========================================================================
Received Prepare
Registering precompiled user dll's ...
Registered in 0.000967 seconds.
Begin MonoManager ReloadAssembly
Native extension for OSXStandalone target not found
Native extension for WebGL target not found
Refreshing native plugins compatible for Editor in 0.52 ms, found 2 plugins.
Preloading 0 native plugins for Editor in 0.00 ms.
Invoked RoslynAnalysisRunner static constructor.
RoslynAnalysisRunner will not be running.
RoslynAnalysisRunner has terminated.
Mono: successfully reloaded assembly
- Completed reload, in  0.997 seconds
Platform modules already initialized, skipping
Refreshing native plugins compatible for Editor in 0.53 ms, found 2 plugins.
Preloading 0 native plugins for Editor in 0.00 ms.
Unloading 1985 Unused Serialized files (Serialized files now loaded: 0)
System memory in use before: 164.1 MB.
System memory in use after: 164.2 MB.

Unloading 13 unused Assets to reduce memory usage. Loaded Objects now: 2531.
Total: 3.019329 ms (FindLiveObjects: 0.283788 ms CreateObjectMapping: 0.095253 ms MarkObjects: 2.616637 ms  DeleteObjects: 0.021923 ms)

========================================================================
Received Prepare
Registering precompiled user dll's ...
Registered in 0.001029 seconds.
Begin MonoManager ReloadAssembly
Native extension for OSXStandalone target not found
Native extension for WebGL target not found
Refreshing native plugins compatible for Editor in 0.55 ms, found 2 plugins.
Preloading 0 native plugins for Editor in 0.00 ms.
Invoked RoslynAnalysisRunner static constructor.
RoslynAnalysisRunner will not be running.
RoslynAnalysisRunner has terminated.
Mono: successfully reloaded assembly
- Completed reload, in  0.971 seconds
Platform modules already initialized, skipping
Refreshing native plugins compatible for Editor in 0.49 ms, found 2 plugins.
Preloading 0 native plugins for Editor in 0.00 ms.
Unloading 1985 Unused Serialized files (Serialized files now loaded: 0)
System memory in use before: 164.3 MB.
System memory in use after: 164.4 MB.

Unloading 13 unused Assets to reduce memory usage. Loaded Objects now: 2533.
Total: 2.417125 ms (FindLiveObjects: 0.298310 ms CreateObjectMapping: 0.078381 ms MarkObjects: 2.016506 ms  DeleteObjects: 0.022857 ms)

========================================================================
Received Prepare
Registering precompiled user dll's ...
Registered in 0.000948 seconds.
Begin MonoManager ReloadAssembly
Native extension for OSXStandalone target not found
Native extension for WebGL target not found
Refreshing native plugins compatible for Editor in 0.49 ms, found 2 plugins.
Preloading 0 native plugins for Editor in 0.00 ms.
Invoked RoslynAnalysisRunner static constructor.
RoslynAnalysisRunner will not be running.
RoslynAnalysisRunner has terminated.
Mono: successfully reloaded assembly
- Completed reload, in  0.961 seconds
Platform modules already initialized, skipping
Refreshing native plugins compatible for Editor in 0.49 ms, found 2 plugins.
Preloading 0 native plugins for Editor in 0.00 ms.
Unloading 1985 Unused Serialized files (Serialized files now loaded: 0)
System memory in use before: 164.5 MB.
System memory in use after: 164.6 MB.

Unloading 13 unused Assets to reduce memory usage. Loaded Objects now: 2535.
Total: 2.620998 ms (FindLiveObjects: 0.382662 ms CreateObjectMapping: 0.096261 ms MarkObjects: 2.116666 ms  DeleteObjects: 0.024074 ms)

========================================================================
Received Prepare
Registering precompiled user dll's ...
Registered in 0.000990 seconds.
Begin MonoManager ReloadAssembly
Native extension for OSXStandalone target not found
Native extension for WebGL target not found
Refreshing native plugins compatible for Editor in 0.54 ms, found 2 plugins.
Preloading 0 native plugins for Editor in 0.00 ms.
Invoked RoslynAnalysisRunner static constructor.
RoslynAnalysisRunner will not be running.
RoslynAnalysisRunner has terminated.
Mono: successfully reloaded assembly
- Completed reload, in  0.974 seconds
Platform modules already initialized, skipping
Refreshing native plugins compatible for Editor in 0.49 ms, found 2 plugins.
Preloading 0 native plugins for Editor in 0.00 ms.
Unloading 1985 Unused Serialized files (Serialized files now loaded: 0)
System memory in use before: 164.7 MB.
System memory in use after: 164.8 MB.

Unloading 13 unused Assets to reduce memory usage. Loaded Objects now: 2537.
Total: 2.565539 ms (FindLiveObjects: 0.312924 ms CreateObjectMapping: 0.067145 ms MarkObjects: 2.162556 ms  DeleteObjects: 0.021930 ms)

========================================================================
Received Prepare
Registering precompiled user dll's ...
Registered in 0.000957 seconds.
Begin MonoManager ReloadAssembly
Native extension for OSXStandalone target not found
Native extension for WebGL target not found
Refreshing native plugins compatible for Editor in 0.46 ms, found 2 plugins.
Preloading 0 native plugins for Editor in 0.00 ms.
Invoked RoslynAnalysisRunner static constructor.
RoslynAnalysisRunner will not be running.
RoslynAnalysisRunner has terminated.
Mono: successfully reloaded assembly
- Completed reload, in  1.007 seconds
Platform modules already initialized, skipping
Refreshing native plugins compatible for Editor in 0.58 ms, found 2 plugins.
Preloading 0 native plugins for Editor in 0.00 ms.
Unloading 1985 Unused Serialized files (Serialized files now loaded: 0)
System memory in use before: 165.0 MB.
System memory in use after: 165.1 MB.

Unloading 13 unused Assets to reduce memory usage. Loaded Objects now: 2539.
Total: 2.292841 ms (FindLiveObjects: 0.293339 ms CreateObjectMapping: 0.070162 ms MarkObjects: 1.910255 ms  DeleteObjects: 0.018162 ms)

========================================================================
Received Prepare
Registering precompiled user dll's ...
Registered in 0.000965 seconds.
Begin MonoManager ReloadAssembly
Native extension for OSXStandalone target not found
Native extension for WebGL target not found
Refreshing native plugins compatible for Editor in 0.58 ms, found 2 plugins.
Preloading 0 native plugins for Editor in 0.00 ms.
Invoked RoslynAnalysisRunner static constructor.
RoslynAnalysisRunner will not be running.
RoslynAnalysisRunner has terminated.
Mono: successfully reloaded assembly
- Completed reload, in  0.964 seconds
Platform modules already initialized, skipping
Refreshing native plugins compatible for Editor in 0.52 ms, found 2 plugins.
Preloading 0 native plugins for Editor in 0.00 ms.
Unloading 1985 Unused Serialized files (Serialized files now loaded: 0)
System memory in use before: 165.2 MB.
System memory in use after: 165.3 MB.

Unloading 13 unused Assets to reduce memory usage. Loaded Objects now: 2541.
Total: 2.463898 ms (FindLiveObjects: 0.339784 ms CreateObjectMapping: 0.127747 ms MarkObjects: 1.974620 ms  DeleteObjects: 0.020357 ms)

========================================================================
Received Import Request.
  Time since last request: 1007.073035 seconds.
  path: Assets/Scenes/Scene2.unity
  artifactKey: Guid(dc51f7f655dce4739aacce736bab8d4b) Importer(815301076,1909f56bfc062723c751e8b465ee728b)
Start importing Assets/Scenes/Scene2.unity using Guid(dc51f7f655dce4739aacce736bab8d4b) Importer(815301076,1909f56bfc062723c751e8b465ee728b)  -> (artifact id: '66aa8350fcd6d8a01bfc46595b6bc8f5') in 0.016601 seconds
  Import took 0.020591 seconds .

========================================================================
Received Prepare
Registering precompiled user dll's ...
Registered in 0.001033 seconds.
Begin MonoManager ReloadAssembly
Native extension for OSXStandalone target not found
Native extension for WebGL target not found
Refreshing native plugins compatible for Editor in 0.44 ms, found 2 plugins.
Preloading 0 native plugins for Editor in 0.00 ms.
Invoked RoslynAnalysisRunner static constructor.
RoslynAnalysisRunner will not be running.
RoslynAnalysisRunner has terminated.
Mono: successfully reloaded assembly
- Completed reload, in  1.011 seconds
Platform modules already initialized, skipping
Refreshing native plugins compatible for Editor in 0.46 ms, found 2 plugins.
Preloading 0 native plugins for Editor in 0.00 ms.
Unloading 1985 Unused Serialized files (Serialized files now loaded: 0)
System memory in use before: 165.5 MB.
System memory in use after: 165.5 MB.

Unloading 13 unused Assets to reduce memory usage. Loaded Objects now: 2543.
Total: 2.353548 ms (FindLiveObjects: 0.243048 ms CreateObjectMapping: 0.077532 ms MarkObjects: 2.013807 ms  DeleteObjects: 0.018283 ms)

========================================================================
Received Import Request.
  Time since last request: 4.734267 seconds.
  path: Assets/Scenes/Scene3.unity
  artifactKey: Guid(cd95f917233e64cfdb2173da7e829ee1) Importer(815301076,1909f56bfc062723c751e8b465ee728b)
Start importing Assets/Scenes/Scene3.unity using Guid(cd95f917233e64cfdb2173da7e829ee1) Importer(815301076,1909f56bfc062723c751e8b465ee728b)  -> (artifact id: '32dcf01aad6e249c6865c973541c7ca4') in 0.019488 seconds
  Import took 0.024992 seconds .

========================================================================
Received Import Request.
  Time since last request: 16.862594 seconds.
  path: Assets/Scenes/Scene2.unity
  artifactKey: Guid(dc51f7f655dce4739aacce736bab8d4b) Importer(815301076,1909f56bfc062723c751e8b465ee728b)
Start importing Assets/Scenes/Scene2.unity using Guid(dc51f7f655dce4739aacce736bab8d4b) Importer(815301076,1909f56bfc062723c751e8b465ee728b)  -> (artifact id: '306835e7405749d4d85a5505800ad733') in 0.002041 seconds
  Import took 0.005633 seconds .

========================================================================
Received Import Request.
  Time since last request: 0.011623 seconds.
  path: Assets/Scenes/Scene2.unity
  artifactKey: Guid(dc51f7f655dce4739aacce736bab8d4b) Importer(815301076,1909f56bfc062723c751e8b465ee728b)
Start importing Assets/Scenes/Scene2.unity using Guid(dc51f7f655dce4739aacce736bab8d4b) Importer(815301076,1909f56bfc062723c751e8b465ee728b)  -> (artifact id: '306835e7405749d4d85a5505800ad733') in 0.000979 seconds
  Import took 0.004321 seconds .

========================================================================
Received Prepare
Registering precompiled user dll's ...
Registered in 0.000941 seconds.
Begin MonoManager ReloadAssembly
Native extension for OSXStandalone target not found
Native extension for WebGL target not found
Refreshing native plugins compatible for Editor in 0.50 ms, found 2 plugins.
Preloading 0 native plugins for Editor in 0.00 ms.
Invoked RoslynAnalysisRunner static constructor.
RoslynAnalysisRunner will not be running.
RoslynAnalysisRunner has terminated.
Mono: successfully reloaded assembly
- Completed reload, in  1.000 seconds
Platform modules already initialized, skipping
Refreshing native plugins compatible for Editor in 0.49 ms, found 2 plugins.
Preloading 0 native plugins for Editor in 0.00 ms.
Unloading 1985 Unused Serialized files (Serialized files now loaded: 0)
System memory in use before: 165.7 MB.
System memory in use after: 165.8 MB.

Unloading 13 unused Assets to reduce memory usage. Loaded Objects now: 2545.
Total: 2.525761 ms (FindLiveObjects: 0.354455 ms CreateObjectMapping: 0.088273 ms MarkObjects: 2.062966 ms  DeleteObjects: 0.019008 ms)

========================================================================
Received Import Request.
  Time since last request: 25.378270 seconds.
  path: Assets/Scenes/Scene3.unity
  artifactKey: Guid(cd95f917233e64cfdb2173da7e829ee1) Importer(815301076,1909f56bfc062723c751e8b465ee728b)
Start importing Assets/Scenes/Scene3.unity using Guid(cd95f917233e64cfdb2173da7e829ee1) Importer(815301076,1909f56bfc062723c751e8b465ee728b)  -> (artifact id: 'e46518442eec436ebd1f12608a760417') in 0.018835 seconds
  Import took 0.025249 seconds .

========================================================================
Received Prepare
Registering precompiled user dll's ...
Registered in 0.000986 seconds.
Begin MonoManager ReloadAssembly
Native extension for OSXStandalone target not found
Native extension for WebGL target not found
Refreshing native plugins compatible for Editor in 0.50 ms, found 2 plugins.
Preloading 0 native plugins for Editor in 0.00 ms.
Invoked RoslynAnalysisRunner static constructor.
RoslynAnalysisRunner will not be running.
RoslynAnalysisRunner has terminated.
Mono: successfully reloaded assembly
- Completed reload, in  1.007 seconds
Platform modules already initialized, skipping
Refreshing native plugins compatible for Editor in 0.49 ms, found 2 plugins.
Preloading 0 native plugins for Editor in 0.00 ms.
Unloading 1985 Unused Serialized files (Serialized files now loaded: 0)
System memory in use before: 165.9 MB.
System memory in use after: 166.0 MB.

Unloading 13 unused Assets to reduce memory usage. Loaded Objects now: 2547.
Total: 2.290300 ms (FindLiveObjects: 0.283222 ms CreateObjectMapping: 0.060295 ms MarkObjects: 1.930590 ms  DeleteObjects: 0.015385 ms)

AssetImportWorkerClient::OnTransportError - code=2 error=End of file
